2023-05-11 11:33:35,442 fail2ban.server         [393]: INFO    --------------------------------------------------
2023-05-11 11:33:35,443 fail2ban.server         [393]: INFO    Starting Fail2ban v1.0.2
2023-05-11 11:33:35,443 fail2ban.observer       [393]: INFO    Observer start...
2023-05-11 11:33:35,453 fail2ban.database       [393]: INFO    Connected to fail2ban persistent database '/config/fail2ban/fail2ban.sqlite3'
2023-05-11 11:33:35,455 fail2ban.database       [393]: WARNING New database created. Version '4'
2023-05-11 11:33:35,455 fail2ban.jail           [393]: INFO    Creating new jail 'nginx-http-auth'
2023-05-11 11:33:35,745 fail2ban.jail           [393]: INFO    Jail 'nginx-http-auth' uses poller {}
2023-05-11 11:33:35,745 fail2ban.jail           [393]: INFO    Initiated 'polling' backend
2023-05-11 11:33:35,749 fail2ban.filter         [393]: INFO      maxRetry: 5
2023-05-11 11:33:35,749 fail2ban.filter         [393]: INFO      findtime: 600
2023-05-11 11:33:35,750 fail2ban.actions        [393]: INFO      banTime: 600
2023-05-11 11:33:35,750 fail2ban.filter         [393]: INFO      encoding: UTF-8
2023-05-11 11:33:35,750 fail2ban.filter         [393]: INFO    Added logfile: '/config/log/nginx/error.log' (pos = 0, hash = )
2023-05-11 11:33:35,751 fail2ban.jail           [393]: INFO    Creating new jail 'nginx-botsearch'
2023-05-11 11:33:35,752 fail2ban.jail           [393]: INFO    Jail 'nginx-botsearch' uses poller {}
2023-05-11 11:33:35,752 fail2ban.jail           [393]: INFO    Initiated 'polling' backend
2023-05-11 11:33:35,755 fail2ban.datedetector   [393]: INFO      date pattern `'{^LN-BEG}%ExY(?P<_sep>[-/.])%m(?P=_sep)%d[T ]%H:%M:%S(?:[.,]%f)?(?:\\s*%z)?'`: `{^LN-BEG}ExYear(?P<_sep>[-/.])Month(?P=_sep)Day[T ]24hour:Minute:Second(?:[.,]Microseconds)?(?:\s*Zone offset)?`
2023-05-11 11:33:35,756 fail2ban.filter         [393]: INFO      maxRetry: 5
2023-05-11 11:33:35,757 fail2ban.filter         [393]: INFO      findtime: 600
2023-05-11 11:33:35,757 fail2ban.actions        [393]: INFO      banTime: 600
2023-05-11 11:33:35,757 fail2ban.filter         [393]: INFO      encoding: UTF-8
2023-05-11 11:33:35,757 fail2ban.filter         [393]: INFO    Added logfile: '/config/log/nginx/access.log' (pos = 0, hash = )
2023-05-11 11:33:35,757 fail2ban.jail           [393]: INFO    Creating new jail 'nginx-badbots'
2023-05-11 11:33:35,759 fail2ban.jail           [393]: INFO    Jail 'nginx-badbots' uses poller {}
2023-05-11 11:33:35,759 fail2ban.jail           [393]: INFO    Initiated 'polling' backend
2023-05-11 11:33:35,764 fail2ban.filter         [393]: INFO      maxRetry: 2
2023-05-11 11:33:35,764 fail2ban.filter         [393]: INFO      findtime: 600
2023-05-11 11:33:35,764 fail2ban.actions        [393]: INFO      banTime: 600
2023-05-11 11:33:35,765 fail2ban.filter         [393]: INFO      encoding: UTF-8
2023-05-11 11:33:35,765 fail2ban.filter         [393]: INFO    Added logfile: '/config/log/nginx/access.log' (pos = 0, hash = )
2023-05-11 11:33:35,765 fail2ban.jail           [393]: INFO    Creating new jail 'nginx-deny'
2023-05-11 11:33:35,766 fail2ban.jail           [393]: INFO    Jail 'nginx-deny' uses poller {}
2023-05-11 11:33:35,767 fail2ban.jail           [393]: INFO    Initiated 'polling' backend
2023-05-11 11:33:35,768 fail2ban.filter         [393]: INFO      maxRetry: 5
2023-05-11 11:33:35,768 fail2ban.filter         [393]: INFO      findtime: 600
2023-05-11 11:33:35,768 fail2ban.actions        [393]: INFO      banTime: 600
2023-05-11 11:33:35,768 fail2ban.filter         [393]: INFO      encoding: UTF-8
2023-05-11 11:33:35,768 fail2ban.filter         [393]: INFO    Added logfile: '/config/log/nginx/error.log' (pos = 0, hash = )
2023-05-11 11:33:35,769 fail2ban.jail           [393]: INFO    Creating new jail 'nginx-unauthorized'
2023-05-11 11:33:35,769 fail2ban.jail           [393]: INFO    Jail 'nginx-unauthorized' uses poller {}
2023-05-11 11:33:35,770 fail2ban.jail           [393]: INFO    Initiated 'polling' backend
2023-05-11 11:33:35,771 fail2ban.filter         [393]: INFO      maxRetry: 5
2023-05-11 11:33:35,771 fail2ban.filter         [393]: INFO      findtime: 600
2023-05-11 11:33:35,771 fail2ban.actions        [393]: INFO      banTime: 600
2023-05-11 11:33:35,771 fail2ban.filter         [393]: INFO      encoding: UTF-8
2023-05-11 11:33:35,771 fail2ban.filter         [393]: INFO    Added logfile: '/config/log/nginx/access.log' (pos = 0, hash = )
2023-05-11 11:33:35,774 fail2ban.jail           [393]: INFO    Jail 'nginx-http-auth' started
2023-05-11 11:33:35,776 fail2ban.jail           [393]: INFO    Jail 'nginx-botsearch' started
2023-05-11 11:33:35,777 fail2ban.jail           [393]: INFO    Jail 'nginx-badbots' started
2023-05-11 11:33:35,779 fail2ban.jail           [393]: INFO    Jail 'nginx-deny' started
2023-05-11 11:33:35,780 fail2ban.jail           [393]: INFO    Jail 'nginx-unauthorized' started
2023-05-11 11:33:50,456 fail2ban.server         [393]: INFO    Shutdown in progress...
2023-05-11 11:33:50,456 fail2ban.observer       [393]: INFO    Observer stop ... try to end queue 5 seconds
2023-05-11 11:33:50,481 fail2ban.observer       [393]: INFO    Observer stopped, 0 events remaining.
2023-05-11 11:33:50,522 fail2ban.server         [393]: INFO    Stopping all jails
2023-05-11 11:33:50,523 fail2ban.filter         [393]: INFO    Removed logfile: '/config/log/nginx/error.log'
2023-05-11 11:33:50,523 fail2ban.filter         [393]: INFO    Removed logfile: '/config/log/nginx/access.log'
2023-05-11 11:33:50,523 fail2ban.filter         [393]: INFO    Removed logfile: '/config/log/nginx/access.log'
2023-05-11 11:33:50,523 fail2ban.filter         [393]: INFO    Removed logfile: '/config/log/nginx/error.log'
2023-05-11 11:33:50,523 fail2ban.filter         [393]: INFO    Removed logfile: '/config/log/nginx/access.log'
2023-05-11 11:33:51,005 fail2ban.actions        [393]: NOTICE  [nginx-deny] Flush ticket(s) with iptables-allports
2023-05-11 11:33:51,006 fail2ban.actions        [393]: NOTICE  [nginx-botsearch] Flush ticket(s) with iptables-allports
2023-05-11 11:33:51,006 fail2ban.actions        [393]: NOTICE  [nginx-badbots] Flush ticket(s) with iptables-allports
2023-05-11 11:33:51,006 fail2ban.actions        [393]: NOTICE  [nginx-http-auth] Flush ticket(s) with iptables-allports
2023-05-11 11:33:51,006 fail2ban.jail           [393]: INFO    Jail 'nginx-http-auth' stopped
2023-05-11 11:33:51,010 fail2ban.jail           [393]: INFO    Jail 'nginx-botsearch' stopped
2023-05-11 11:33:51,010 fail2ban.actions        [393]: NOTICE  [nginx-unauthorized] Flush ticket(s) with iptables-allports
2023-05-11 11:33:51,034 fail2ban.jail           [393]: INFO    Jail 'nginx-badbots' stopped
2023-05-11 11:33:51,034 fail2ban.jail           [393]: INFO    Jail 'nginx-deny' stopped
2023-05-11 11:33:51,037 fail2ban.jail           [393]: INFO    Jail 'nginx-unauthorized' stopped
2023-05-11 11:33:51,038 fail2ban.database       [393]: INFO    Connection to database closed.
2023-05-11 11:33:51,038 fail2ban.server         [393]: INFO    Exiting Fail2ban
2023-05-11 11:35:22,698 fail2ban.server         [357]: INFO    --------------------------------------------------
2023-05-11 11:35:22,698 fail2ban.server         [357]: INFO    Starting Fail2ban v1.0.2
2023-05-11 11:35:22,699 fail2ban.observer       [357]: INFO    Observer start...
2023-05-11 11:35:22,707 fail2ban.database       [357]: INFO    Connected to fail2ban persistent database '/config/fail2ban/fail2ban.sqlite3'
2023-05-11 11:35:22,708 fail2ban.jail           [357]: INFO    Creating new jail 'nginx-http-auth'
2023-05-11 11:35:22,896 fail2ban.jail           [357]: INFO    Jail 'nginx-http-auth' uses poller {}
2023-05-11 11:35:22,896 fail2ban.jail           [357]: INFO    Initiated 'polling' backend
2023-05-11 11:35:22,900 fail2ban.filter         [357]: INFO      maxRetry: 5
2023-05-11 11:35:22,900 fail2ban.filter         [357]: INFO      findtime: 600
2023-05-11 11:35:22,900 fail2ban.actions        [357]: INFO      banTime: 600
2023-05-11 11:35:22,900 fail2ban.filter         [357]: INFO      encoding: UTF-8
2023-05-11 11:35:22,901 fail2ban.filter         [357]: INFO    Added logfile: '/config/log/nginx/error.log' (pos = 0, hash = )
2023-05-11 11:35:22,901 fail2ban.jail           [357]: INFO    Creating new jail 'nginx-botsearch'
2023-05-11 11:35:22,902 fail2ban.jail           [357]: INFO    Jail 'nginx-botsearch' uses poller {}
2023-05-11 11:35:22,902 fail2ban.jail           [357]: INFO    Initiated 'polling' backend
2023-05-11 11:35:22,904 fail2ban.datedetector   [357]: INFO      date pattern `'{^LN-BEG}%ExY(?P<_sep>[-/.])%m(?P=_sep)%d[T ]%H:%M:%S(?:[.,]%f)?(?:\\s*%z)?'`: `{^LN-BEG}ExYear(?P<_sep>[-/.])Month(?P=_sep)Day[T ]24hour:Minute:Second(?:[.,]Microseconds)?(?:\s*Zone offset)?`
2023-05-11 11:35:22,905 fail2ban.filter         [357]: INFO      maxRetry: 5
2023-05-11 11:35:22,905 fail2ban.filter         [357]: INFO      findtime: 600
2023-05-11 11:35:22,905 fail2ban.actions        [357]: INFO      banTime: 600
2023-05-11 11:35:22,905 fail2ban.filter         [357]: INFO      encoding: UTF-8
2023-05-11 11:35:22,905 fail2ban.filter         [357]: INFO    Added logfile: '/config/log/nginx/access.log' (pos = 186, hash = f581b5ee48f7898f67654e28d15098724e30a6c6)
2023-05-11 11:35:22,905 fail2ban.jail           [357]: INFO    Creating new jail 'nginx-badbots'
2023-05-11 11:35:22,906 fail2ban.jail           [357]: INFO    Jail 'nginx-badbots' uses poller {}
2023-05-11 11:35:22,906 fail2ban.jail           [357]: INFO    Initiated 'polling' backend
2023-05-11 11:35:22,910 fail2ban.filter         [357]: INFO      maxRetry: 2
2023-05-11 11:35:22,910 fail2ban.filter         [357]: INFO      findtime: 600
2023-05-11 11:35:22,910 fail2ban.actions        [357]: INFO      banTime: 600
2023-05-11 11:35:22,910 fail2ban.filter         [357]: INFO      encoding: UTF-8
2023-05-11 11:35:22,911 fail2ban.filter         [357]: INFO    Added logfile: '/config/log/nginx/access.log' (pos = 186, hash = f581b5ee48f7898f67654e28d15098724e30a6c6)
2023-05-11 11:35:22,911 fail2ban.jail           [357]: INFO    Creating new jail 'nginx-deny'
2023-05-11 11:35:22,911 fail2ban.jail           [357]: INFO    Jail 'nginx-deny' uses poller {}
2023-05-11 11:35:22,911 fail2ban.jail           [357]: INFO    Initiated 'polling' backend
2023-05-11 11:35:22,912 fail2ban.filter         [357]: INFO      maxRetry: 5
2023-05-11 11:35:22,912 fail2ban.filter         [357]: INFO      findtime: 600
2023-05-11 11:35:22,912 fail2ban.actions        [357]: INFO      banTime: 600
2023-05-11 11:35:22,913 fail2ban.filter         [357]: INFO      encoding: UTF-8
2023-05-11 11:35:22,913 fail2ban.filter         [357]: INFO    Added logfile: '/config/log/nginx/error.log' (pos = 0, hash = )
2023-05-11 11:35:22,913 fail2ban.jail           [357]: INFO    Creating new jail 'nginx-unauthorized'
2023-05-11 11:35:22,913 fail2ban.jail           [357]: INFO    Jail 'nginx-unauthorized' uses poller {}
2023-05-11 11:35:22,914 fail2ban.jail           [357]: INFO    Initiated 'polling' backend
2023-05-11 11:35:22,914 fail2ban.filter         [357]: INFO      maxRetry: 5
2023-05-11 11:35:22,914 fail2ban.filter         [357]: INFO      findtime: 600
2023-05-11 11:35:22,914 fail2ban.actions        [357]: INFO      banTime: 600
2023-05-11 11:35:22,915 fail2ban.filter         [357]: INFO      encoding: UTF-8
2023-05-11 11:35:22,915 fail2ban.filter         [357]: INFO    Added logfile: '/config/log/nginx/access.log' (pos = 186, hash = f581b5ee48f7898f67654e28d15098724e30a6c6)
2023-05-11 11:35:22,917 fail2ban.jail           [357]: INFO    Jail 'nginx-http-auth' started
2023-05-11 11:35:22,919 fail2ban.jail           [357]: INFO    Jail 'nginx-botsearch' started
2023-05-11 11:35:22,921 fail2ban.jail           [357]: INFO    Jail 'nginx-badbots' started
2023-05-11 11:35:22,922 fail2ban.jail           [357]: INFO    Jail 'nginx-deny' started
2023-05-11 11:35:22,924 fail2ban.jail           [357]: INFO    Jail 'nginx-unauthorized' started
2023-05-11 11:36:28,638 fail2ban.server         [357]: INFO    Shutdown in progress...
2023-05-11 11:36:28,638 fail2ban.observer       [357]: INFO    Observer stop ... try to end queue 5 seconds
2023-05-11 11:36:28,659 fail2ban.observer       [357]: INFO    Observer stopped, 0 events remaining.
2023-05-11 11:36:28,699 fail2ban.server         [357]: INFO    Stopping all jails
2023-05-11 11:36:28,700 fail2ban.filter         [357]: INFO    Removed logfile: '/config/log/nginx/error.log'
2023-05-11 11:36:28,700 fail2ban.filter         [357]: INFO    Removed logfile: '/config/log/nginx/access.log'
2023-05-11 11:36:28,700 fail2ban.filter         [357]: INFO    Removed logfile: '/config/log/nginx/access.log'
2023-05-11 11:36:28,700 fail2ban.filter         [357]: INFO    Removed logfile: '/config/log/nginx/error.log'
2023-05-11 11:36:28,700 fail2ban.filter         [357]: INFO    Removed logfile: '/config/log/nginx/access.log'
2023-05-11 11:36:29,184 fail2ban.actions        [357]: NOTICE  [nginx-botsearch] Flush ticket(s) with iptables-allports
2023-05-11 11:36:29,187 fail2ban.actions        [357]: NOTICE  [nginx-badbots] Flush ticket(s) with iptables-allports
2023-05-11 11:36:29,188 fail2ban.actions        [357]: NOTICE  [nginx-unauthorized] Flush ticket(s) with iptables-allports
2023-05-11 11:36:29,188 fail2ban.actions        [357]: NOTICE  [nginx-http-auth] Flush ticket(s) with iptables-allports
2023-05-11 11:36:29,190 fail2ban.jail           [357]: INFO    Jail 'nginx-http-auth' stopped
2023-05-11 11:36:29,190 fail2ban.jail           [357]: INFO    Jail 'nginx-botsearch' stopped
2023-05-11 11:36:29,191 fail2ban.jail           [357]: INFO    Jail 'nginx-badbots' stopped
2023-05-11 11:36:29,204 fail2ban.actions        [357]: NOTICE  [nginx-deny] Flush ticket(s) with iptables-allports
2023-05-11 11:36:29,205 fail2ban.jail           [357]: INFO    Jail 'nginx-deny' stopped
2023-05-11 11:36:29,205 fail2ban.jail           [357]: INFO    Jail 'nginx-unauthorized' stopped
2023-05-11 11:36:29,207 fail2ban.database       [357]: INFO    Connection to database closed.
2023-05-11 11:36:29,208 fail2ban.server         [357]: INFO    Exiting Fail2ban
2023-05-11 11:37:17,828 fail2ban.server         [354]: INFO    --------------------------------------------------
2023-05-11 11:37:17,828 fail2ban.server         [354]: INFO    Starting Fail2ban v1.0.2
2023-05-11 11:37:17,831 fail2ban.observer       [354]: INFO    Observer start...
2023-05-11 11:37:17,838 fail2ban.database       [354]: INFO    Connected to fail2ban persistent database '/config/fail2ban/fail2ban.sqlite3'
2023-05-11 11:37:17,839 fail2ban.jail           [354]: INFO    Creating new jail 'nginx-http-auth'
2023-05-11 11:37:18,031 fail2ban.jail           [354]: INFO    Jail 'nginx-http-auth' uses poller {}
2023-05-11 11:37:18,031 fail2ban.jail           [354]: INFO    Initiated 'polling' backend
2023-05-11 11:37:18,034 fail2ban.filter         [354]: INFO      maxRetry: 5
2023-05-11 11:37:18,034 fail2ban.filter         [354]: INFO      findtime: 600
2023-05-11 11:37:18,034 fail2ban.actions        [354]: INFO      banTime: 600
2023-05-11 11:37:18,034 fail2ban.filter         [354]: INFO      encoding: UTF-8
2023-05-11 11:37:18,034 fail2ban.filter         [354]: INFO    Added logfile: '/config/log/nginx/error.log' (pos = 0, hash = )
2023-05-11 11:37:18,034 fail2ban.jail           [354]: INFO    Creating new jail 'nginx-botsearch'
2023-05-11 11:37:18,035 fail2ban.jail           [354]: INFO    Jail 'nginx-botsearch' uses poller {}
2023-05-11 11:37:18,035 fail2ban.jail           [354]: INFO    Initiated 'polling' backend
2023-05-11 11:37:18,037 fail2ban.datedetector   [354]: INFO      date pattern `'{^LN-BEG}%ExY(?P<_sep>[-/.])%m(?P=_sep)%d[T ]%H:%M:%S(?:[.,]%f)?(?:\\s*%z)?'`: `{^LN-BEG}ExYear(?P<_sep>[-/.])Month(?P=_sep)Day[T ]24hour:Minute:Second(?:[.,]Microseconds)?(?:\s*Zone offset)?`
2023-05-11 11:37:18,038 fail2ban.filter         [354]: INFO      maxRetry: 5
2023-05-11 11:37:18,038 fail2ban.filter         [354]: INFO      findtime: 600
2023-05-11 11:37:18,038 fail2ban.actions        [354]: INFO      banTime: 600
2023-05-11 11:37:18,038 fail2ban.filter         [354]: INFO      encoding: UTF-8
2023-05-11 11:37:18,039 fail2ban.filter         [354]: INFO    Added logfile: '/config/log/nginx/access.log' (pos = 2365, hash = f581b5ee48f7898f67654e28d15098724e30a6c6)
2023-05-11 11:37:18,039 fail2ban.jail           [354]: INFO    Creating new jail 'nginx-badbots'
2023-05-11 11:37:18,039 fail2ban.jail           [354]: INFO    Jail 'nginx-badbots' uses poller {}
2023-05-11 11:37:18,040 fail2ban.jail           [354]: INFO    Initiated 'polling' backend
2023-05-11 11:37:18,043 fail2ban.filter         [354]: INFO      maxRetry: 2
2023-05-11 11:37:18,044 fail2ban.filter         [354]: INFO      findtime: 600
2023-05-11 11:37:18,044 fail2ban.actions        [354]: INFO      banTime: 600
2023-05-11 11:37:18,044 fail2ban.filter         [354]: INFO      encoding: UTF-8
2023-05-11 11:37:18,044 fail2ban.filter         [354]: INFO    Added logfile: '/config/log/nginx/access.log' (pos = 2365, hash = f581b5ee48f7898f67654e28d15098724e30a6c6)
2023-05-11 11:37:18,044 fail2ban.jail           [354]: INFO    Creating new jail 'nginx-deny'
2023-05-11 11:37:18,045 fail2ban.jail           [354]: INFO    Jail 'nginx-deny' uses poller {}
2023-05-11 11:37:18,045 fail2ban.jail           [354]: INFO    Initiated 'polling' backend
2023-05-11 11:37:18,046 fail2ban.filter         [354]: INFO      maxRetry: 5
2023-05-11 11:37:18,046 fail2ban.filter         [354]: INFO      findtime: 600
2023-05-11 11:37:18,046 fail2ban.actions        [354]: INFO      banTime: 600
2023-05-11 11:37:18,046 fail2ban.filter         [354]: INFO      encoding: UTF-8
2023-05-11 11:37:18,046 fail2ban.filter         [354]: INFO    Added logfile: '/config/log/nginx/error.log' (pos = 0, hash = )
2023-05-11 11:37:18,046 fail2ban.jail           [354]: INFO    Creating new jail 'nginx-unauthorized'
2023-05-11 11:37:18,047 fail2ban.jail           [354]: INFO    Jail 'nginx-unauthorized' uses poller {}
2023-05-11 11:37:18,047 fail2ban.jail           [354]: INFO    Initiated 'polling' backend
2023-05-11 11:37:18,048 fail2ban.filter         [354]: INFO      maxRetry: 5
2023-05-11 11:37:18,048 fail2ban.filter         [354]: INFO      findtime: 600
2023-05-11 11:37:18,048 fail2ban.actions        [354]: INFO      banTime: 600
2023-05-11 11:37:18,048 fail2ban.filter         [354]: INFO      encoding: UTF-8
2023-05-11 11:37:18,048 fail2ban.filter         [354]: INFO    Added logfile: '/config/log/nginx/access.log' (pos = 2365, hash = f581b5ee48f7898f67654e28d15098724e30a6c6)
2023-05-11 11:37:18,061 fail2ban.jail           [354]: INFO    Jail 'nginx-http-auth' started
2023-05-11 11:37:18,062 fail2ban.jail           [354]: INFO    Jail 'nginx-botsearch' started
2023-05-11 11:37:18,062 fail2ban.jail           [354]: INFO    Jail 'nginx-badbots' started
2023-05-11 11:37:18,062 fail2ban.jail           [354]: INFO    Jail 'nginx-deny' started
2023-05-11 11:37:18,063 fail2ban.jail           [354]: INFO    Jail 'nginx-unauthorized' started
2023-05-11 15:26:23,510 fail2ban.server         [354]: INFO    Shutdown in progress...
2023-05-11 15:26:23,548 fail2ban.observer       [354]: INFO    Observer stop ... try to end queue 5 seconds
2023-05-11 15:26:23,605 fail2ban.observer       [354]: INFO    Observer stopped, 0 events remaining.
2023-05-11 15:26:23,746 fail2ban.server         [354]: INFO    Stopping all jails
2023-05-11 15:26:23,746 fail2ban.filter         [354]: INFO    Removed logfile: '/config/log/nginx/error.log'
2023-05-11 15:26:23,747 fail2ban.filter         [354]: INFO    Removed logfile: '/config/log/nginx/access.log'
2023-05-11 15:26:23,747 fail2ban.filter         [354]: INFO    Removed logfile: '/config/log/nginx/access.log'
2023-05-11 15:26:23,747 fail2ban.filter         [354]: INFO    Removed logfile: '/config/log/nginx/error.log'
2023-05-11 15:26:23,747 fail2ban.filter         [354]: INFO    Removed logfile: '/config/log/nginx/access.log'
2023-05-11 15:26:24,349 fail2ban.actions        [354]: NOTICE  [nginx-unauthorized] Flush ticket(s) with iptables-allports
2023-05-11 15:26:24,352 fail2ban.actions        [354]: NOTICE  [nginx-badbots] Flush ticket(s) with iptables-allports
2023-05-11 15:26:24,353 fail2ban.actions        [354]: NOTICE  [nginx-http-auth] Flush ticket(s) with iptables-allports
2023-05-11 15:26:24,354 fail2ban.actions        [354]: NOTICE  [nginx-botsearch] Flush ticket(s) with iptables-allports
2023-05-11 15:26:24,371 fail2ban.jail           [354]: INFO    Jail 'nginx-http-auth' stopped
2023-05-11 15:26:24,373 fail2ban.actions        [354]: NOTICE  [nginx-deny] Flush ticket(s) with iptables-allports
2023-05-11 15:26:24,379 fail2ban.jail           [354]: INFO    Jail 'nginx-botsearch' stopped
2023-05-11 15:26:24,379 fail2ban.jail           [354]: INFO    Jail 'nginx-badbots' stopped
2023-05-11 15:26:24,379 fail2ban.jail           [354]: INFO    Jail 'nginx-deny' stopped
2023-05-11 15:26:24,379 fail2ban.jail           [354]: INFO    Jail 'nginx-unauthorized' stopped
2023-05-11 15:26:24,383 fail2ban.database       [354]: INFO    Connection to database closed.
2023-05-11 15:26:24,387 fail2ban.server         [354]: INFO    Exiting Fail2ban
2023-05-11 15:28:43,657 fail2ban.server         [355]: INFO    --------------------------------------------------
2023-05-11 15:28:43,657 fail2ban.server         [355]: INFO    Starting Fail2ban v1.0.2
2023-05-11 15:28:43,658 fail2ban.observer       [355]: INFO    Observer start...
2023-05-11 15:28:43,664 fail2ban.database       [355]: INFO    Connected to fail2ban persistent database '/config/fail2ban/fail2ban.sqlite3'
2023-05-11 15:28:43,666 fail2ban.jail           [355]: INFO    Creating new jail 'nginx-http-auth'
2023-05-11 15:28:44,211 fail2ban.jail           [355]: INFO    Jail 'nginx-http-auth' uses poller {}
2023-05-11 15:28:44,211 fail2ban.jail           [355]: INFO    Initiated 'polling' backend
2023-05-11 15:28:44,216 fail2ban.filter         [355]: INFO      maxRetry: 5
2023-05-11 15:28:44,217 fail2ban.filter         [355]: INFO      findtime: 600
2023-05-11 15:28:44,217 fail2ban.actions        [355]: INFO      banTime: 600
2023-05-11 15:28:44,217 fail2ban.filter         [355]: INFO      encoding: UTF-8
2023-05-11 15:28:44,218 fail2ban.filter         [355]: INFO    Added logfile: '/config/log/nginx/error.log' (pos = 0, hash = )
2023-05-11 15:28:44,218 fail2ban.jail           [355]: INFO    Creating new jail 'nginx-botsearch'
2023-05-11 15:28:44,220 fail2ban.jail           [355]: INFO    Jail 'nginx-botsearch' uses poller {}
2023-05-11 15:28:44,220 fail2ban.jail           [355]: INFO    Initiated 'polling' backend
2023-05-11 15:28:44,226 fail2ban.datedetector   [355]: INFO      date pattern `'{^LN-BEG}%ExY(?P<_sep>[-/.])%m(?P=_sep)%d[T ]%H:%M:%S(?:[.,]%f)?(?:\\s*%z)?'`: `{^LN-BEG}ExYear(?P<_sep>[-/.])Month(?P=_sep)Day[T ]24hour:Minute:Second(?:[.,]Microseconds)?(?:\s*Zone offset)?`
2023-05-11 15:28:44,228 fail2ban.filter         [355]: INFO      maxRetry: 5
2023-05-11 15:28:44,228 fail2ban.filter         [355]: INFO      findtime: 600
2023-05-11 15:28:44,229 fail2ban.actions        [355]: INFO      banTime: 600
2023-05-11 15:28:44,229 fail2ban.filter         [355]: INFO      encoding: UTF-8
2023-05-11 15:28:44,229 fail2ban.filter         [355]: INFO    Added logfile: '/config/log/nginx/access.log' (pos = 3109, hash = f581b5ee48f7898f67654e28d15098724e30a6c6)
2023-05-11 15:28:44,230 fail2ban.jail           [355]: INFO    Creating new jail 'nginx-badbots'
2023-05-11 15:28:44,231 fail2ban.jail           [355]: INFO    Jail 'nginx-badbots' uses poller {}
2023-05-11 15:28:44,231 fail2ban.jail           [355]: INFO    Initiated 'polling' backend
2023-05-11 15:28:44,241 fail2ban.filter         [355]: INFO      maxRetry: 2
2023-05-11 15:28:44,241 fail2ban.filter         [355]: INFO      findtime: 600
2023-05-11 15:28:44,244 fail2ban.actions        [355]: INFO      banTime: 600
2023-05-11 15:28:44,244 fail2ban.filter         [355]: INFO      encoding: UTF-8
2023-05-11 15:28:44,245 fail2ban.filter         [355]: INFO    Added logfile: '/config/log/nginx/access.log' (pos = 3109, hash = f581b5ee48f7898f67654e28d15098724e30a6c6)
2023-05-11 15:28:44,245 fail2ban.jail           [355]: INFO    Creating new jail 'nginx-deny'
2023-05-11 15:28:44,247 fail2ban.jail           [355]: INFO    Jail 'nginx-deny' uses poller {}
2023-05-11 15:28:44,248 fail2ban.jail           [355]: INFO    Initiated 'polling' backend
2023-05-11 15:28:44,251 fail2ban.filter         [355]: INFO      maxRetry: 5
2023-05-11 15:28:44,251 fail2ban.filter         [355]: INFO      findtime: 600
2023-05-11 15:28:44,252 fail2ban.actions        [355]: INFO      banTime: 600
2023-05-11 15:28:44,252 fail2ban.filter         [355]: INFO      encoding: UTF-8
2023-05-11 15:28:44,253 fail2ban.filter         [355]: INFO    Added logfile: '/config/log/nginx/error.log' (pos = 0, hash = )
2023-05-11 15:28:44,254 fail2ban.jail           [355]: INFO    Creating new jail 'nginx-unauthorized'
2023-05-11 15:28:44,255 fail2ban.jail           [355]: INFO    Jail 'nginx-unauthorized' uses poller {}
2023-05-11 15:28:44,255 fail2ban.jail           [355]: INFO    Initiated 'polling' backend
2023-05-11 15:28:44,257 fail2ban.filter         [355]: INFO      maxRetry: 5
2023-05-11 15:28:44,258 fail2ban.filter         [355]: INFO      findtime: 600
2023-05-11 15:28:44,258 fail2ban.actions        [355]: INFO      banTime: 600
2023-05-11 15:28:44,258 fail2ban.filter         [355]: INFO      encoding: UTF-8
2023-05-11 15:28:44,258 fail2ban.filter         [355]: INFO    Added logfile: '/config/log/nginx/access.log' (pos = 3109, hash = f581b5ee48f7898f67654e28d15098724e30a6c6)
2023-05-11 15:28:44,262 fail2ban.jail           [355]: INFO    Jail 'nginx-http-auth' started
2023-05-11 15:28:44,265 fail2ban.jail           [355]: INFO    Jail 'nginx-botsearch' started
2023-05-11 15:28:44,268 fail2ban.jail           [355]: INFO    Jail 'nginx-badbots' started
2023-05-11 15:28:44,273 fail2ban.jail           [355]: INFO    Jail 'nginx-deny' started
2023-05-11 15:28:44,276 fail2ban.jail           [355]: INFO    Jail 'nginx-unauthorized' started
2023-05-11 15:29:05,077 fail2ban.server         [355]: INFO    Shutdown in progress...
2023-05-11 15:29:05,077 fail2ban.observer       [355]: INFO    Observer stop ... try to end queue 5 seconds
2023-05-11 15:29:05,121 fail2ban.observer       [355]: INFO    Observer stopped, 0 events remaining.
2023-05-11 15:29:05,155 fail2ban.server         [355]: INFO    Stopping all jails
2023-05-11 15:29:05,155 fail2ban.filter         [355]: INFO    Removed logfile: '/config/log/nginx/error.log'
2023-05-11 15:29:05,155 fail2ban.filter         [355]: INFO    Removed logfile: '/config/log/nginx/access.log'
2023-05-11 15:29:05,155 fail2ban.filter         [355]: INFO    Removed logfile: '/config/log/nginx/access.log'
2023-05-11 15:29:05,155 fail2ban.filter         [355]: INFO    Removed logfile: '/config/log/nginx/error.log'
2023-05-11 15:29:05,155 fail2ban.filter         [355]: INFO    Removed logfile: '/config/log/nginx/access.log'
2023-05-11 15:29:05,735 fail2ban.actions        [355]: NOTICE  [nginx-deny] Flush ticket(s) with iptables-allports
2023-05-11 15:29:05,735 fail2ban.actions        [355]: NOTICE  [nginx-http-auth] Flush ticket(s) with iptables-allports
2023-05-11 15:29:05,735 fail2ban.actions        [355]: NOTICE  [nginx-botsearch] Flush ticket(s) with iptables-allports
2023-05-11 15:29:05,740 fail2ban.actions        [355]: NOTICE  [nginx-unauthorized] Flush ticket(s) with iptables-allports
2023-05-11 15:29:05,740 fail2ban.actions        [355]: NOTICE  [nginx-badbots] Flush ticket(s) with iptables-allports
2023-05-11 15:29:05,740 fail2ban.jail           [355]: INFO    Jail 'nginx-http-auth' stopped
2023-05-11 15:29:05,741 fail2ban.jail           [355]: INFO    Jail 'nginx-botsearch' stopped
2023-05-11 15:29:05,741 fail2ban.jail           [355]: INFO    Jail 'nginx-badbots' stopped
2023-05-11 15:29:05,742 fail2ban.jail           [355]: INFO    Jail 'nginx-deny' stopped
2023-05-11 15:29:05,742 fail2ban.jail           [355]: INFO    Jail 'nginx-unauthorized' stopped
2023-05-11 15:29:05,742 fail2ban.database       [355]: INFO    Connection to database closed.
2023-05-11 15:29:05,742 fail2ban.server         [355]: INFO    Exiting Fail2ban
2023-05-11 15:29:17,541 fail2ban.server         [361]: INFO    --------------------------------------------------
2023-05-11 15:29:17,542 fail2ban.server         [361]: INFO    Starting Fail2ban v1.0.2
2023-05-11 15:29:17,544 fail2ban.observer       [361]: INFO    Observer start...
2023-05-11 15:29:17,558 fail2ban.database       [361]: INFO    Connected to fail2ban persistent database '/config/fail2ban/fail2ban.sqlite3'
2023-05-11 15:29:17,559 fail2ban.jail           [361]: INFO    Creating new jail 'nginx-http-auth'
2023-05-11 15:29:17,872 fail2ban.jail           [361]: INFO    Jail 'nginx-http-auth' uses poller {}
2023-05-11 15:29:17,872 fail2ban.jail           [361]: INFO    Initiated 'polling' backend
2023-05-11 15:29:17,879 fail2ban.filter         [361]: INFO      maxRetry: 5
2023-05-11 15:29:17,879 fail2ban.filter         [361]: INFO      findtime: 600
2023-05-11 15:29:17,880 fail2ban.actions        [361]: INFO      banTime: 600
2023-05-11 15:29:17,880 fail2ban.filter         [361]: INFO      encoding: UTF-8
2023-05-11 15:29:17,880 fail2ban.filter         [361]: INFO    Added logfile: '/config/log/nginx/error.log' (pos = 0, hash = )
2023-05-11 15:29:17,881 fail2ban.jail           [361]: INFO    Creating new jail 'nginx-botsearch'
2023-05-11 15:29:17,882 fail2ban.jail           [361]: INFO    Jail 'nginx-botsearch' uses poller {}
2023-05-11 15:29:17,882 fail2ban.jail           [361]: INFO    Initiated 'polling' backend
2023-05-11 15:29:17,886 fail2ban.datedetector   [361]: INFO      date pattern `'{^LN-BEG}%ExY(?P<_sep>[-/.])%m(?P=_sep)%d[T ]%H:%M:%S(?:[.,]%f)?(?:\\s*%z)?'`: `{^LN-BEG}ExYear(?P<_sep>[-/.])Month(?P=_sep)Day[T ]24hour:Minute:Second(?:[.,]Microseconds)?(?:\s*Zone offset)?`
2023-05-11 15:29:17,888 fail2ban.filter         [361]: INFO      maxRetry: 5
2023-05-11 15:29:17,888 fail2ban.filter         [361]: INFO      findtime: 600
2023-05-11 15:29:17,888 fail2ban.actions        [361]: INFO      banTime: 600
2023-05-11 15:29:17,889 fail2ban.filter         [361]: INFO      encoding: UTF-8
2023-05-11 15:29:17,889 fail2ban.filter         [361]: INFO    Added logfile: '/config/log/nginx/access.log' (pos = 3109, hash = f581b5ee48f7898f67654e28d15098724e30a6c6)
2023-05-11 15:29:17,889 fail2ban.jail           [361]: INFO    Creating new jail 'nginx-badbots'
2023-05-11 15:29:17,891 fail2ban.jail           [361]: INFO    Jail 'nginx-badbots' uses poller {}
2023-05-11 15:29:17,891 fail2ban.jail           [361]: INFO    Initiated 'polling' backend
2023-05-11 15:29:17,900 fail2ban.filter         [361]: INFO      maxRetry: 2
2023-05-11 15:29:17,901 fail2ban.filter         [361]: INFO      findtime: 600
2023-05-11 15:29:17,901 fail2ban.actions        [361]: INFO      banTime: 600
2023-05-11 15:29:17,901 fail2ban.filter         [361]: INFO      encoding: UTF-8
2023-05-11 15:29:17,901 fail2ban.filter         [361]: INFO    Added logfile: '/config/log/nginx/access.log' (pos = 3109, hash = f581b5ee48f7898f67654e28d15098724e30a6c6)
2023-05-11 15:29:17,901 fail2ban.jail           [361]: INFO    Creating new jail 'nginx-deny'
2023-05-11 15:29:17,902 fail2ban.jail           [361]: INFO    Jail 'nginx-deny' uses poller {}
2023-05-11 15:29:17,903 fail2ban.jail           [361]: INFO    Initiated 'polling' backend
2023-05-11 15:29:17,904 fail2ban.filter         [361]: INFO      maxRetry: 5
2023-05-11 15:29:17,904 fail2ban.filter         [361]: INFO      findtime: 600
2023-05-11 15:29:17,904 fail2ban.actions        [361]: INFO      banTime: 600
2023-05-11 15:29:17,904 fail2ban.filter         [361]: INFO      encoding: UTF-8
2023-05-11 15:29:17,905 fail2ban.filter         [361]: INFO    Added logfile: '/config/log/nginx/error.log' (pos = 0, hash = )
2023-05-11 15:29:17,905 fail2ban.jail           [361]: INFO    Creating new jail 'nginx-unauthorized'
2023-05-11 15:29:17,906 fail2ban.jail           [361]: INFO    Jail 'nginx-unauthorized' uses poller {}
2023-05-11 15:29:17,906 fail2ban.jail           [361]: INFO    Initiated 'polling' backend
2023-05-11 15:29:17,907 fail2ban.filter         [361]: INFO      maxRetry: 5
2023-05-11 15:29:17,907 fail2ban.filter         [361]: INFO      findtime: 600
2023-05-11 15:29:17,907 fail2ban.actions        [361]: INFO      banTime: 600
2023-05-11 15:29:17,907 fail2ban.filter         [361]: INFO      encoding: UTF-8
2023-05-11 15:29:17,908 fail2ban.filter         [361]: INFO    Added logfile: '/config/log/nginx/access.log' (pos = 3109, hash = f581b5ee48f7898f67654e28d15098724e30a6c6)
2023-05-11 15:29:17,917 fail2ban.jail           [361]: INFO    Jail 'nginx-http-auth' started
2023-05-11 15:29:17,927 fail2ban.jail           [361]: INFO    Jail 'nginx-botsearch' started
2023-05-11 15:29:17,935 fail2ban.jail           [361]: INFO    Jail 'nginx-badbots' started
2023-05-11 15:29:17,939 fail2ban.jail           [361]: INFO    Jail 'nginx-deny' started
2023-05-11 15:29:17,942 fail2ban.jail           [361]: INFO    Jail 'nginx-unauthorized' started
